16:17:02,574 INFO  Properties          :73   -- Initializing harvester properties from file: target/classes/harvest.properties.
16:17:02,576 INFO  Properties          :79   -- Initialization succesfull.
16:17:02,580 INFO  EntryFactoryFacade  :83   -- Creating EntryFactoryFacade instance.
16:17:02,582 INFO  EntryFactoryFacade  :88   -- Application name: YtAnalizer
16:17:02,894 DEBUG EntryFactory        :118  -- Getting user's profile: cris776
16:17:03,279 DEBUG ExtractedUser       :92   -- Extracting user entry.
16:17:03,280 WARN  ExtractedUser       :397  -- Null gender for user cris776
16:17:03,283 DEBUG EntryFactory        :207  -- Getting videos feed: http://gdata.youtube.com/feeds/api/users/cris776/uploads?client=YtAnalizer
16:17:03,531 DEBUG ExtractedFeed       :62   -- Extracting feed: tag:youtube.com,2008:user:cris776:uploads.
16:17:03,532 DEBUG ExtractedFeed       :134  -- Null previous feed link when extracting users feed, current feed id: tag:youtube.com,2008:user:cris776:uploads
16:17:03,532 DEBUG ExtractedFeed       :114  -- Null next feed link when extracting users feed, current feed id: tag:youtube.com,2008:user:cris776:uploads
16:17:03,541 DEBUG ExtractedVideo      :126  -- Extracting video entry.
16:17:03,541 WARN  ExtractedVideo      :355  -- Null tags set for video MfVcQvpU4ok.
16:17:03,542 DEBUG ExtractedVideo      :126  -- Extracting video entry.
16:17:03,542 WARN  ExtractedVideo      :355  -- Null tags set for video ef3VF2zMDCU.
16:17:03,542 DEBUG ExtractedVideo      :126  -- Extracting video entry.
16:17:03,543 WARN  ExtractedVideo      :355  -- Null tags set for video iMUsdpzoQFw.
16:17:03,543 DEBUG ExtractedVideo      :126  -- Extracting video entry.
16:17:03,543 WARN  ExtractedVideo      :355  -- Null tags set for video fdWEoau2T70.
16:17:03,543 DEBUG ExtractedVideo      :126  -- Extracting video entry.
16:17:03,543 WARN  ExtractedVideo      :355  -- Null tags set for video EbASuLjDO_Q.
16:17:03,544 DEBUG EntryFactory        :118  -- Getting user's profile: cris776
16:17:03,596 DEBUG ExtractedUser       :92   -- Extracting user entry.
16:17:03,596 WARN  ExtractedUser       :397  -- Null gender for user cris776
16:17:03,596 DEBUG EntryFactory        :179  -- Getting users feed: http://gdata.youtube.com/feeds/api/users/cris776/subscriptions?client=YtAnalizer
16:17:03,894 DEBUG ExtractedFeed       :62   -- Extracting feed: tag:youtube.com,2008:user:cris776:subscriptions.
16:17:03,895 DEBUG ExtractedFeed       :134  -- Null previous feed link when extracting users feed, current feed id: tag:youtube.com,2008:user:cris776:subscriptions
16:17:03,895 DEBUG ExtractedFeed       :114  -- Null next feed link when extracting users feed, current feed id: tag:youtube.com,2008:user:cris776:subscriptions
16:17:03,895 DEBUG ExtractedUser       :92   -- Extracting user entry.
16:17:03,895 WARN  ExtractedUser       :153  -- Null statistics object for user null
16:17:03,895 DEBUG ExtractedUser       :213  -- Parsing user's profile failed for user realastralbob, profile: tag:youtube.com,2008:user:cris776:subscription:zAFUqXodxdLD7Fr9fA_HEw4xLeMjXmtH2_Uwoxfzgno
16:17:03,895 WARN  ExtractedUser       :298  -- Null uploads feed link for user realastralbob
16:17:03,896 WARN  ExtractedUser       :325  -- Null favorites link for user realastralbob
16:17:03,896 WARN  ExtractedUser       :397  -- Null gender for user realastralbob
16:17:03,896 WARN  ExtractedUser       :416  -- Null location for user realastralbob
16:17:03,896 WARN  ExtractedUser       :453  -- Null uploads feed link for user realastralbob
16:17:03,896 WARN  ExtractedUser       :478  -- Null favorites feed link for user realastralbob
16:17:03,896 WARN  ExtractedUser       :503  -- Null subscriptions feed link for user realastralbob.
16:17:03,896 DEBUG ExtractedUser       :92   -- Extracting user entry.
16:17:03,896 WARN  ExtractedUser       :153  -- Null statistics object for user null
16:17:03,897 DEBUG ExtractedUser       :213  -- Parsing user's profile failed for user hauntedmemories, profile: tag:youtube.com,2008:user:cris776:subscription:zAFUqXodxdLD7Fr9fA_HE4iE4DTN0WjiLVxk6-a6qow
16:17:03,897 WARN  ExtractedUser       :298  -- Null uploads feed link for user hauntedmemories
16:17:03,897 WARN  ExtractedUser       :325  -- Null favorites link for user hauntedmemories
16:17:03,898 WARN  ExtractedUser       :397  -- Null gender for user hauntedmemories
16:17:03,898 WARN  ExtractedUser       :416  -- Null location for user hauntedmemories
16:17:03,898 WARN  ExtractedUser       :453  -- Null uploads feed link for user hauntedmemories
16:17:03,898 WARN  ExtractedUser       :478  -- Null favorites feed link for user hauntedmemories
16:17:03,898 WARN  ExtractedUser       :503  -- Null subscriptions feed link for user hauntedmemories.
16:17:03,898 DEBUG ExtractedUser       :92   -- Extracting user entry.
16:17:03,898 WARN  ExtractedUser       :153  -- Null statistics object for user null
16:17:03,899 DEBUG ExtractedUser       :213  -- Parsing user's profile failed for user cielaczek81, profile: tag:youtube.com,2008:user:cris776:subscription:zAFUqXodxdLD7Fr9fA_HE-v-vm6XxBW-L2VRVzaU1Ko
16:17:03,899 WARN  ExtractedUser       :298  -- Null uploads feed link for user cielaczek81
16:17:03,899 WARN  ExtractedUser       :325  -- Null favorites link for user cielaczek81
16:17:03,899 WARN  ExtractedUser       :397  -- Null gender for user cielaczek81
16:17:03,899 WARN  ExtractedUser       :416  -- Null location for user cielaczek81
16:17:03,899 WARN  ExtractedUser       :453  -- Null uploads feed link for user cielaczek81
16:17:03,899 WARN  ExtractedUser       :478  -- Null favorites feed link for user cielaczek81
16:17:03,899 WARN  ExtractedUser       :503  -- Null subscriptions feed link for user cielaczek81.
16:17:03,900 DEBUG ExtractedUser       :92   -- Extracting user entry.
16:17:03,900 WARN  ExtractedUser       :153  -- Null statistics object for user null
16:17:03,900 DEBUG ExtractedUser       :213  -- Parsing user's profile failed for user wojtast, profile: tag:youtube.com,2008:user:cris776:subscription:zAFUqXodxdLD7Fr9fA_HE4iqnwXMQIcdhvB2l9NP4aU
16:17:03,900 WARN  ExtractedUser       :298  -- Null uploads feed link for user wojtast
16:17:03,900 WARN  ExtractedUser       :325  -- Null favorites link for user wojtast
16:17:03,900 WARN  ExtractedUser       :397  -- Null gender for user wojtast
16:17:03,900 WARN  ExtractedUser       :416  -- Null location for user wojtast
16:17:03,901 WARN  ExtractedUser       :453  -- Null uploads feed link for user wojtast
16:17:03,901 WARN  ExtractedUser       :478  -- Null favorites feed link for user wojtast
16:17:03,901 WARN  ExtractedUser       :503  -- Null subscriptions feed link for user wojtast.
16:17:03,901 DEBUG ExtractedUser       :92   -- Extracting user entry.
16:17:03,901 WARN  ExtractedUser       :153  -- Null statistics object for user null
16:17:03,901 DEBUG ExtractedUser       :213  -- Parsing user's profile failed for user sztywniak4, profile: tag:youtube.com,2008:user:cris776:subscription:zAFUqXodxdLD7Fr9fA_HE7gVO9RH-M8ea8BDu389uI4
16:17:03,901 WARN  ExtractedUser       :298  -- Null uploads feed link for user sztywniak4
16:17:03,901 WARN  ExtractedUser       :325  -- Null favorites link for user sztywniak4
16:17:03,901 WARN  ExtractedUser       :397  -- Null gender for user sztywniak4
16:17:03,901 WARN  ExtractedUser       :416  -- Null location for user sztywniak4
16:17:03,902 WARN  ExtractedUser       :453  -- Null uploads feed link for user sztywniak4
16:17:03,902 WARN  ExtractedUser       :478  -- Null favorites feed link for user sztywniak4
16:17:03,902 WARN  ExtractedUser       :503  -- Null subscriptions feed link for user sztywniak4.
16:17:03,902 DEBUG ExtractedUser       :92   -- Extracting user entry.
16:17:03,902 WARN  ExtractedUser       :153  -- Null statistics object for user null
16:17:03,902 DEBUG ExtractedUser       :213  -- Parsing user's profile failed for user harrykreashna, profile: tag:youtube.com,2008:user:cris776:subscription:zAFUqXodxdLD7Fr9fA_HE2IZPVTD188Q9zBUetzs-BY
16:17:03,902 WARN  ExtractedUser       :298  -- Null uploads feed link for user harrykreashna
16:17:03,902 WARN  ExtractedUser       :325  -- Null favorites link for user harrykreashna
16:17:03,902 WARN  ExtractedUser       :397  -- Null gender for user harrykreashna
16:17:03,903 WARN  ExtractedUser       :416  -- Null location for user harrykreashna
16:17:03,903 WARN  ExtractedUser       :453  -- Null uploads feed link for user harrykreashna
16:17:03,903 WARN  ExtractedUser       :478  -- Null favorites feed link for user harrykreashna
16:17:03,903 WARN  ExtractedUser       :503  -- Null subscriptions feed link for user harrykreashna.
16:17:03,903 DEBUG ExtractedUser       :92   -- Extracting user entry.
16:17:03,903 WARN  ExtractedUser       :153  -- Null statistics object for user null
16:17:03,903 DEBUG ExtractedUser       :213  -- Parsing user's profile failed for user thepetcollective, profile: tag:youtube.com,2008:user:cris776:subscription:zAFUqXodxdLD7Fr9fA_HE7pCJDgjqfZ3DJ7PJaRdtf0
16:17:03,903 WARN  ExtractedUser       :298  -- Null uploads feed link for user thepetcollective
16:17:03,903 WARN  ExtractedUser       :325  -- Null favorites link for user thepetcollective
16:17:03,904 WARN  ExtractedUser       :397  -- Null gender for user thepetcollective
16:17:03,904 WARN  ExtractedUser       :416  -- Null location for user thepetcollective
16:17:03,904 WARN  ExtractedUser       :453  -- Null uploads feed link for user thepetcollective
16:17:03,904 WARN  ExtractedUser       :478  -- Null favorites feed link for user thepetcollective
16:17:03,904 WARN  ExtractedUser       :503  -- Null subscriptions feed link for user thepetcollective.
16:17:03,904 DEBUG ExtractedUser       :92   -- Extracting user entry.
16:17:03,904 WARN  ExtractedUser       :153  -- Null statistics object for user null
16:17:03,904 DEBUG ExtractedUser       :213  -- Parsing user's profile failed for user enochianboy, profile: tag:youtube.com,2008:user:cris776:subscription:zAFUqXodxdLD7Fr9fA_HE1XCA1wLKpxS4Vkc21WwGJE
16:17:03,905 WARN  ExtractedUser       :298  -- Null uploads feed link for user enochianboy
16:17:03,905 WARN  ExtractedUser       :325  -- Null favorites link for user enochianboy
16:17:03,905 WARN  ExtractedUser       :397  -- Null gender for user enochianboy
16:17:03,905 WARN  ExtractedUser       :416  -- Null location for user enochianboy
16:17:03,905 WARN  ExtractedUser       :453  -- Null uploads feed link for user enochianboy
16:17:03,905 WARN  ExtractedUser       :478  -- Null favorites feed link for user enochianboy
16:17:03,905 WARN  ExtractedUser       :503  -- Null subscriptions feed link for user enochianboy.
16:17:03,905 DEBUG ExtractedUser       :92   -- Extracting user entry.
16:17:03,905 WARN  ExtractedUser       :153  -- Null statistics object for user null
16:17:03,906 DEBUG ExtractedUser       :213  -- Parsing user's profile failed for user courtneywoolsey, profile: tag:youtube.com,2008:user:cris776:subscription:zAFUqXodxdLD7Fr9fA_HE7JzLkOfrhEcoeOyARb150Q
16:17:03,906 WARN  ExtractedUser       :298  -- Null uploads feed link for user courtneywoolsey
16:17:03,906 WARN  ExtractedUser       :325  -- Null favorites link for user courtneywoolsey
16:17:03,906 WARN  ExtractedUser       :397  -- Null gender for user courtneywoolsey
16:17:03,906 WARN  ExtractedUser       :416  -- Null location for user courtneywoolsey
16:17:03,906 WARN  ExtractedUser       :453  -- Null uploads feed link for user courtneywoolsey
16:17:03,906 WARN  ExtractedUser       :478  -- Null favorites feed link for user courtneywoolsey
16:17:03,906 WARN  ExtractedUser       :503  -- Null subscriptions feed link for user courtneywoolsey.
16:17:03,906 DEBUG ExtractedUser       :92   -- Extracting user entry.
16:17:03,907 WARN  ExtractedUser       :153  -- Null statistics object for user null
16:17:03,907 DEBUG ExtractedUser       :213  -- Parsing user's profile failed for user wardegasa, profile: tag:youtube.com,2008:user:cris776:subscription:zAFUqXodxdLD7Fr9fA_HE-B_AlPHLPJsBiZX6CU_7No
16:17:03,907 WARN  ExtractedUser       :298  -- Null uploads feed link for user wardegasa
16:17:03,907 WARN  ExtractedUser       :325  -- Null favorites link for user wardegasa
16:17:03,907 WARN  ExtractedUser       :397  -- Null gender for user wardegasa
16:17:03,907 WARN  ExtractedUser       :416  -- Null location for user wardegasa
16:17:03,907 WARN  ExtractedUser       :453  -- Null uploads feed link for user wardegasa
16:17:03,907 WARN  ExtractedUser       :478  -- Null favorites feed link for user wardegasa
16:17:03,907 WARN  ExtractedUser       :503  -- Null subscriptions feed link for user wardegasa.
16:17:03,908 DEBUG ExtractedUser       :92   -- Extracting user entry.
16:17:03,908 WARN  ExtractedUser       :153  -- Null statistics object for user null
16:17:03,908 DEBUG ExtractedUser       :213  -- Parsing user's profile failed for user ascezik, profile: tag:youtube.com,2008:user:cris776:subscription:zAFUqXodxdLD7Fr9fA_HEzKXMGq9zpYMCSiChFQPslI
16:17:03,908 WARN  ExtractedUser       :298  -- Null uploads feed link for user ascezik
16:17:03,908 WARN  ExtractedUser       :325  -- Null favorites link for user ascezik
16:17:03,908 WARN  ExtractedUser       :397  -- Null gender for user ascezik
16:17:03,908 WARN  ExtractedUser       :416  -- Null location for user ascezik
16:17:03,909 WARN  ExtractedUser       :453  -- Null uploads feed link for user ascezik
16:17:03,909 WARN  ExtractedUser       :478  -- Null favorites feed link for user ascezik
16:17:03,909 WARN  ExtractedUser       :503  -- Null subscriptions feed link for user ascezik.
16:17:03,909 DEBUG ExtractedUser       :92   -- Extracting user entry.
16:17:03,909 WARN  ExtractedUser       :153  -- Null statistics object for user null
16:17:03,909 DEBUG ExtractedUser       :213  -- Parsing user's profile failed for user sanjano1, profile: tag:youtube.com,2008:user:cris776:subscription:zAFUqXodxdLD7Fr9fA_HE5kuJASJWgUCYjI8FMs58-U
16:17:03,909 WARN  ExtractedUser       :298  -- Null uploads feed link for user sanjano1
16:17:03,909 WARN  ExtractedUser       :325  -- Null favorites link for user sanjano1
16:17:03,909 WARN  ExtractedUser       :397  -- Null gender for user sanjano1
16:17:03,909 WARN  ExtractedUser       :416  -- Null location for user sanjano1
16:17:03,910 WARN  ExtractedUser       :453  -- Null uploads feed link for user sanjano1
16:17:03,910 WARN  ExtractedUser       :478  -- Null favorites feed link for user sanjano1
16:17:03,910 WARN  ExtractedUser       :503  -- Null subscriptions feed link for user sanjano1.
16:17:03,910 DEBUG ExtractedUser       :92   -- Extracting user entry.
16:17:03,910 WARN  ExtractedUser       :153  -- Null statistics object for user null
16:17:03,910 DEBUG ExtractedUser       :213  -- Parsing user's profile failed for user lotus6661964, profile: tag:youtube.com,2008:user:cris776:subscription:zAFUqXodxdLD7Fr9fA_HEy0Y-nHqBrv3sme_efftmeA
16:17:03,910 WARN  ExtractedUser       :298  -- Null uploads feed link for user lotus6661964
16:17:03,910 WARN  ExtractedUser       :325  -- Null favorites link for user lotus6661964
16:17:03,911 WARN  ExtractedUser       :397  -- Null gender for user lotus6661964
16:17:03,911 WARN  ExtractedUser       :416  -- Null location for user lotus6661964
16:17:03,911 WARN  ExtractedUser       :453  -- Null uploads feed link for user lotus6661964
16:17:03,911 WARN  ExtractedUser       :478  -- Null favorites feed link for user lotus6661964
16:17:03,911 WARN  ExtractedUser       :503  -- Null subscriptions feed link for user lotus6661964.
16:17:03,911 DEBUG ExtractedUser       :92   -- Extracting user entry.
16:17:03,912 WARN  ExtractedUser       :153  -- Null statistics object for user null
16:17:03,912 DEBUG ExtractedUser       :213  -- Parsing user's profile failed for user dakann, profile: tag:youtube.com,2008:user:cris776:subscription:zAFUqXodxdLD7Fr9fA_HE7wasGX3uzBTocS2i2XmrXc
16:17:03,912 WARN  ExtractedUser       :298  -- Null uploads feed link for user dakann
16:17:03,912 WARN  ExtractedUser       :325  -- Null favorites link for user dakann
16:17:03,912 WARN  ExtractedUser       :397  -- Null gender for user dakann
16:17:03,912 WARN  ExtractedUser       :416  -- Null location for user dakann
16:17:03,912 WARN  ExtractedUser       :453  -- Null uploads feed link for user dakann
16:17:03,912 WARN  ExtractedUser       :478  -- Null favorites feed link for user dakann
16:17:03,912 WARN  ExtractedUser       :503  -- Null subscriptions feed link for user dakann.
16:17:03,913 DEBUG ExtractedUser       :92   -- Extracting user entry.
16:17:03,913 WARN  ExtractedUser       :153  -- Null statistics object for user null
16:17:03,913 DEBUG ExtractedUser       :213  -- Parsing user's profile failed for user katethegreat19, profile: tag:youtube.com,2008:user:cris776:subscription:zAFUqXodxdLD7Fr9fA_HE02TaYV_g5z-epZMkKIWbl0
16:17:03,913 WARN  ExtractedUser       :298  -- Null uploads feed link for user katethegreat19
16:17:03,913 WARN  ExtractedUser       :325  -- Null favorites link for user katethegreat19
16:17:03,913 WARN  ExtractedUser       :397  -- Null gender for user katethegreat19
16:17:03,913 WARN  ExtractedUser       :416  -- Null location for user katethegreat19
16:17:03,913 WARN  ExtractedUser       :453  -- Null uploads feed link for user katethegreat19
16:17:03,913 WARN  ExtractedUser       :478  -- Null favorites feed link for user katethegreat19
16:17:03,913 WARN  ExtractedUser       :503  -- Null subscriptions feed link for user katethegreat19.
16:17:03,913 DEBUG ExtractedUser       :92   -- Extracting user entry.
16:17:03,914 WARN  ExtractedUser       :153  -- Null statistics object for user null
16:17:03,914 DEBUG ExtractedUser       :213  -- Parsing user's profile failed for user twojszef, profile: tag:youtube.com,2008:user:cris776:subscription:zAFUqXodxdLD7Fr9fA_HE-3DCTkM2evnrL6lJzq1Wx8
16:17:03,914 WARN  ExtractedUser       :298  -- Null uploads feed link for user twojszef
16:17:03,914 WARN  ExtractedUser       :325  -- Null favorites link for user twojszef
16:17:03,914 WARN  ExtractedUser       :397  -- Null gender for user twojszef
16:17:03,914 WARN  ExtractedUser       :416  -- Null location for user twojszef
16:17:03,914 WARN  ExtractedUser       :453  -- Null uploads feed link for user twojszef
16:17:03,914 WARN  ExtractedUser       :478  -- Null favorites feed link for user twojszef
16:17:03,914 WARN  ExtractedUser       :503  -- Null subscriptions feed link for user twojszef.
16:17:03,914 DEBUG ExtractedUser       :92   -- Extracting user entry.
16:17:03,915 WARN  ExtractedUser       :153  -- Null statistics object for user null
16:17:03,915 DEBUG ExtractedUser       :213  -- Parsing user's profile failed for user jakubek120, profile: tag:youtube.com,2008:user:cris776:subscription:zAFUqXodxdLD7Fr9fA_HE3vcUHzqegAhB4yvVioiKTw
16:17:03,915 WARN  ExtractedUser       :298  -- Null uploads feed link for user jakubek120
16:17:03,915 WARN  ExtractedUser       :325  -- Null favorites link for user jakubek120
16:17:03,915 WARN  ExtractedUser       :397  -- Null gender for user jakubek120
16:17:03,915 WARN  ExtractedUser       :416  -- Null location for user jakubek120
16:17:03,915 WARN  ExtractedUser       :453  -- Null uploads feed link for user jakubek120
16:17:03,915 WARN  ExtractedUser       :478  -- Null favorites feed link for user jakubek120
16:17:03,915 WARN  ExtractedUser       :503  -- Null subscriptions feed link for user jakubek120.
16:17:03,915 DEBUG EntryFactory        :118  -- Getting user's profile: realastralbob
16:17:04,079 DEBUG ExtractedUser       :92   -- Extracting user entry.
16:17:04,080 WARN  ExtractedUser       :397  -- Null gender for user realastralbob
16:17:04,080 DEBUG EntryFactory        :179  -- Getting users feed: http://gdata.youtube.com/feeds/api/users/realastralbob/subscriptions?client=YtAnalizer
